<?xml version="1.0" encoding="UTF-8"?>
<testsuite xmlns:xsi="http://www.w3.org/2001/XMLSchema-instance" xsi:noNamespaceSchemaLocation="https://maven.apache.org/surefire/maven-surefire-plugin/xsd/surefire-test-report.xsd" name="com.niit.AppOrder.AppTest" time="0.002" tests="1" errors="0" skipped="0" failures="0">
  <properties>
    <property name="sun.desktop" value="windows"/>
    <property name="awt.toolkit" value="sun.awt.windows.WToolkit"/>
    <property name="file.encoding.pkg" value="sun.io"/>
    <property name="java.specification.version" value="1.8"/>
    <property name="sun.cpu.isalist" value="amd64"/>
    <property name="sun.jnu.encoding" value="GBK"/>
    <property name="java.class.path" value="D:\eclipse\eclipse-workspace\AppOrder\target\test-classes;D:\eclipse\eclipse-workspace\AppOrder\target\classes;D:\Maven\repository\org\springframework\boot\spring-boot-starter-web\2.0.1.RELEASE\spring-boot-starter-web-2.0.1.RELEASE.jar;D:\Maven\repository\org\springframework\boot\spring-boot-starter\2.0.1.RELEASE\spring-boot-starter-2.0.1.RELEASE.jar;D:\Maven\repository\org\springframework\boot\spring-boot\2.0.1.RELEASE\spring-boot-2.0.1.RELEASE.jar;D:\Maven\repository\org\springframework\boot\spring-boot-autoconfigure\2.0.1.RELEASE\spring-boot-autoconfigure-2.0.1.RELEASE.jar;D:\Maven\repository\org\springframework\boot\spring-boot-starter-logging\2.0.1.RELEASE\spring-boot-starter-logging-2.0.1.RELEASE.jar;D:\Maven\repository\ch\qos\logback\logback-classic\1.2.3\logback-classic-1.2.3.jar;D:\Maven\repository\ch\qos\logback\logback-core\1.2.3\logback-core-1.2.3.jar;D:\Maven\repository\org\apache\logging\log4j\log4j-to-slf4j\2.10.0\log4j-to-slf4j-2.10.0.jar;D:\Maven\repository\org\apache\logging\log4j\log4j-api\2.10.0\log4j-api-2.10.0.jar;D:\Maven\repository\org\slf4j\jul-to-slf4j\1.7.25\jul-to-slf4j-1.7.25.jar;D:\Maven\repository\javax\annotation\javax.annotation-api\1.3.2\javax.annotation-api-1.3.2.jar;D:\Maven\repository\org\springframework\spring-core\5.0.5.RELEASE\spring-core-5.0.5.RELEASE.jar;D:\Maven\repository\org\springframework\spring-jcl\5.0.5.RELEASE\spring-jcl-5.0.5.RELEASE.jar;D:\Maven\repository\org\yaml\snakeyaml\1.19\snakeyaml-1.19.jar;D:\Maven\repository\org\springframework\boot\spring-boot-starter-json\2.0.1.RELEASE\spring-boot-starter-json-2.0.1.RELEASE.jar;D:\Maven\repository\com\fasterxml\jackson\core\jackson-databind\2.9.3\jackson-databind-2.9.3.jar;D:\Maven\repository\com\fasterxml\jackson\datatype\jackson-datatype-jdk8\2.9.3\jackson-datatype-jdk8-2.9.3.jar;D:\Maven\repository\com\fasterxml\jackson\datatype\jackson-datatype-jsr310\2.9.3\jackson-datatype-jsr310-2.9.3.jar;D:\Maven\repository\com\fasterxml\jackson\module\jackson-module-parameter-names\2.9.3\jackson-module-parameter-names-2.9.3.jar;D:\Maven\repository\org\springframework\boot\spring-boot-starter-tomcat\2.0.1.RELEASE\spring-boot-starter-tomcat-2.0.1.RELEASE.jar;D:\Maven\repository\org\apache\tomcat\embed\tomcat-embed-core\8.5.29\tomcat-embed-core-8.5.29.jar;D:\Maven\repository\org\apache\tomcat\embed\tomcat-embed-el\8.5.29\tomcat-embed-el-8.5.29.jar;D:\Maven\repository\org\apache\tomcat\embed\tomcat-embed-websocket\8.5.29\tomcat-embed-websocket-8.5.29.jar;D:\Maven\repository\org\hibernate\validator\hibernate-validator\6.0.9.Final\hibernate-validator-6.0.9.Final.jar;D:\Maven\repository\javax\validation\validation-api\2.0.1.Final\validation-api-2.0.1.Final.jar;D:\Maven\repository\org\jboss\logging\jboss-logging\3.3.2.Final\jboss-logging-3.3.2.Final.jar;D:\Maven\repository\com\fasterxml\classmate\1.3.4\classmate-1.3.4.jar;D:\Maven\repository\org\springframework\spring-web\5.0.5.RELEASE\spring-web-5.0.5.RELEASE.jar;D:\Maven\repository\org\springframework\spring-beans\5.0.5.RELEASE\spring-beans-5.0.5.RELEASE.jar;D:\Maven\repository\org\springframework\spring-webmvc\5.0.5.RELEASE\spring-webmvc-5.0.5.RELEASE.jar;D:\Maven\repository\org\springframework\spring-aop\5.0.5.RELEASE\spring-aop-5.0.5.RELEASE.jar;D:\Maven\repository\org\springframework\spring-context\5.0.5.RELEASE\spring-context-5.0.5.RELEASE.jar;D:\Maven\repository\org\springframework\spring-expression\5.0.5.RELEASE\spring-expression-5.0.5.RELEASE.jar;D:\Maven\repository\org\springframework\cloud\spring-cloud-starter-netflix-eureka-client\2.0.0.M7\spring-cloud-starter-netflix-eureka-client-2.0.0.M7.jar;D:\Maven\repository\org\springframework\cloud\spring-cloud-starter\2.0.0.M7\spring-cloud-starter-2.0.0.M7.jar;D:\Maven\repository\org\springframework\cloud\spring-cloud-context\2.0.0.M7\spring-cloud-context-2.0.0.M7.jar;D:\Maven\repository\org\springframework\security\spring-security-crypto\5.0.4.RELEASE\spring-security-crypto-5.0.4.RELEASE.jar;D:\Maven\repository\org\springframework\cloud\spring-cloud-commons\2.0.0.M7\spring-cloud-commons-2.0.0.M7.jar;D:\Maven\repository\org\springframework\security\spring-security-rsa\1.0.5.RELEASE\spring-security-rsa-1.0.5.RELEASE.jar;D:\Maven\repository\org\bouncycastle\bcpkix-jdk15on\1.56\bcpkix-jdk15on-1.56.jar;D:\Maven\repository\org\bouncycastle\bcprov-jdk15on\1.56\bcprov-jdk15on-1.56.jar;D:\Maven\repository\org\springframework\cloud\spring-cloud-netflix-core\2.0.0.M7\spring-cloud-netflix-core-2.0.0.M7.jar;D:\Maven\repository\org\springframework\cloud\spring-cloud-netflix-ribbon\2.0.0.M7\spring-cloud-netflix-ribbon-2.0.0.M7.jar;D:\Maven\repository\org\springframework\boot\spring-boot-starter-aop\2.0.1.RELEASE\spring-boot-starter-aop-2.0.1.RELEASE.jar;D:\Maven\repository\org\aspectj\aspectjweaver\1.8.13\aspectjweaver-1.8.13.jar;D:\Maven\repository\org\springframework\cloud\spring-cloud-netflix-eureka-client\2.0.0.M7\spring-cloud-netflix-eureka-client-2.0.0.M7.jar;D:\Maven\repository\com\netflix\eureka\eureka-client\1.8.6\eureka-client-1.8.6.jar;D:\Maven\repository\org\codehaus\jettison\jettison\1.3.7\jettison-1.3.7.jar;D:\Maven\repository\stax\stax-api\1.0.1\stax-api-1.0.1.jar;D:\Maven\repository\com\netflix\netflix-commons\netflix-eventbus\0.3.0\netflix-eventbus-0.3.0.jar;D:\Maven\repository\com\netflix\netflix-commons\netflix-infix\0.3.0\netflix-infix-0.3.0.jar;D:\Maven\repository\commons-jxpath\commons-jxpath\1.3\commons-jxpath-1.3.jar;D:\Maven\repository\joda-time\joda-time\2.9.9\joda-time-2.9.9.jar;D:\Maven\repository\org\antlr\antlr-runtime\3.4\antlr-runtime-3.4.jar;D:\Maven\repository\org\antlr\stringtemplate\3.2.1\stringtemplate-3.2.1.jar;D:\Maven\repository\antlr\antlr\2.7.7\antlr-2.7.7.jar;D:\Maven\repository\com\google\code\gson\gson\2.8.2\gson-2.8.2.jar;D:\Maven\repository\org\apache\commons\commons-math\2.2\commons-math-2.2.jar;D:\Maven\repository\com\netflix\archaius\archaius-core\0.7.5\archaius-core-0.7.5.jar;D:\Maven\repository\javax\ws\rs\jsr311-api\1.1.1\jsr311-api-1.1.1.jar;D:\Maven\repository\com\netflix\servo\servo-core\0.10.1\servo-core-0.10.1.jar;D:\Maven\repository\com\netflix\servo\servo-internal\0.10.1\servo-internal-0.10.1.jar;D:\Maven\repository\com\sun\jersey\jersey-core\1.19.1\jersey-core-1.19.1.jar;D:\Maven\repository\com\sun\jersey\jersey-client\1.19.1\jersey-client-1.19.1.jar;D:\Maven\repository\com\sun\jersey\contribs\jersey-apache-client4\1.19.1\jersey-apache-client4-1.19.1.jar;D:\Maven\repository\org\apache\httpcomponents\httpclient\4.5.5\httpclient-4.5.5.jar;D:\Maven\repository\org\apache\httpcomponents\httpcore\4.4.9\httpcore-4.4.9.jar;D:\Maven\repository\commons-codec\commons-codec\1.11\commons-codec-1.11.jar;D:\Maven\repository\com\google\inject\guice\4.1.0\guice-4.1.0.jar;D:\Maven\repository\javax\inject\javax.inject\1\javax.inject-1.jar;D:\Maven\repository\aopalliance\aopalliance\1.0\aopalliance-1.0.jar;D:\Maven\repository\com\github\vlsi\compactmap\compactmap\1.2.1\compactmap-1.2.1.jar;D:\Maven\repository\com\github\andrewoma\dexx\dexx-collections\0.2\dexx-collections-0.2.jar;D:\Maven\repository\com\fasterxml\jackson\core\jackson-annotations\2.9.0\jackson-annotations-2.9.0.jar;D:\Maven\repository\com\fasterxml\jackson\core\jackson-core\2.9.3\jackson-core-2.9.3.jar;D:\Maven\repository\com\netflix\eureka\eureka-core\1.8.6\eureka-core-1.8.6.jar;D:\Maven\repository\org\codehaus\woodstox\woodstox-core-asl\4.4.1\woodstox-core-asl-4.4.1.jar;D:\Maven\repository\javax\xml\stream\stax-api\1.0-2\stax-api-1.0-2.jar;D:\Maven\repository\org\codehaus\woodstox\stax2-api\3.1.4\stax2-api-3.1.4.jar;D:\Maven\repository\org\springframework\cloud\spring-cloud-starter-netflix-archaius\2.0.0.M7\spring-cloud-starter-netflix-archaius-2.0.0.M7.jar;D:\Maven\repository\org\springframework\cloud\spring-cloud-netflix-archaius\2.0.0.M7\spring-cloud-netflix-archaius-2.0.0.M7.jar;D:\Maven\repository\commons-configuration\commons-configuration\1.8\commons-configuration-1.8.jar;D:\Maven\repository\commons-lang\commons-lang\2.6\commons-lang-2.6.jar;D:\Maven\repository\com\google\guava\guava\18.0\guava-18.0.jar;D:\Maven\repository\org\springframework\cloud\spring-cloud-starter-netflix-ribbon\2.0.0.M7\spring-cloud-starter-netflix-ribbon-2.0.0.M7.jar;D:\Maven\repository\com\netflix\ribbon\ribbon\2.2.4\ribbon-2.2.4.jar;D:\Maven\repository\com\netflix\ribbon\ribbon-transport\2.2.4\ribbon-transport-2.2.4.jar;D:\Maven\repository\io\reactivex\rxnetty-contexts\0.4.9\rxnetty-contexts-0.4.9.jar;D:\Maven\repository\io\reactivex\rxnetty-servo\0.4.9\rxnetty-servo-0.4.9.jar;D:\Maven\repository\com\netflix\hystrix\hystrix-core\1.5.12\hystrix-core-1.5.12.jar;D:\Maven\repository\org\hdrhistogram\HdrHistogram\2.1.9\HdrHistogram-2.1.9.jar;D:\Maven\repository\io\reactivex\rxnetty\0.4.9\rxnetty-0.4.9.jar;D:\Maven\repository\io\netty\netty-codec-http\4.1.23.Final\netty-codec-http-4.1.23.Final.jar;D:\Maven\repository\io\netty\netty-codec\4.1.23.Final\netty-codec-4.1.23.Final.jar;D:\Maven\repository\io\netty\netty-transport-native-epoll\4.1.23.Final\netty-transport-native-epoll-4.1.23.Final.jar;D:\Maven\repository\io\netty\netty-common\4.1.23.Final\netty-common-4.1.23.Final.jar;D:\Maven\repository\io\netty\netty-buffer\4.1.23.Final\netty-buffer-4.1.23.Final.jar;D:\Maven\repository\io\netty\netty-transport-native-unix-common\4.1.23.Final\netty-transport-native-unix-common-4.1.23.Final.jar;D:\Maven\repository\io\netty\netty-transport\4.1.23.Final\netty-transport-4.1.23.Final.jar;D:\Maven\repository\io\netty\netty-resolver\4.1.23.Final\netty-resolver-4.1.23.Final.jar;D:\Maven\repository\com\netflix\ribbon\ribbon-core\2.2.4\ribbon-core-2.2.4.jar;D:\Maven\repository\com\netflix\ribbon\ribbon-httpclient\2.2.4\ribbon-httpclient-2.2.4.jar;D:\Maven\repository\commons-collections\commons-collections\3.2.2\commons-collections-3.2.2.jar;D:\Maven\repository\com\netflix\netflix-commons\netflix-commons-util\0.1.1\netflix-commons-util-0.1.1.jar;D:\Maven\repository\com\netflix\ribbon\ribbon-loadbalancer\2.2.4\ribbon-loadbalancer-2.2.4.jar;D:\Maven\repository\com\netflix\netflix-commons\netflix-statistics\0.1.1\netflix-statistics-0.1.1.jar;D:\Maven\repository\io\reactivex\rxjava\1.3.8\rxjava-1.3.8.jar;D:\Maven\repository\com\netflix\ribbon\ribbon-eureka\2.2.4\ribbon-eureka-2.2.4.jar;D:\Maven\repository\org\slf4j\slf4j-api\1.7.25\slf4j-api-1.7.25.jar;D:\Maven\repository\com\thoughtworks\xstream\xstream\1.4.9\xstream-1.4.9.jar;D:\Maven\repository\xmlpull\xmlpull\1.1.3.1\xmlpull-1.1.3.1.jar;D:\Maven\repository\xpp3\xpp3_min\1.1.4c\xpp3_min-1.1.4c.jar;D:\Maven\repository\junit\junit\3.8.1\junit-3.8.1.jar;D:\Maven\repository\org\projectlombok\lombok\1.18.8\lombok-1.18.8.jar;"/>
    <property name="java.vm.vendor" value="Oracle Corporation"/>
    <property name="sun.arch.data.model" value="64"/>
    <property name="user.variant" value=""/>
    <property name="java.vendor.url" value="http://java.oracle.com/"/>
    <property name="user.timezone" value=""/>
    <property name="java.vm.specification.version" value="1.8"/>
    <property name="os.name" value="Windows 10"/>
    <property name="user.country" value="CN"/>
    <property name="sun.java.launcher" value="SUN_STANDARD"/>
    <property name="sun.boot.library.path" value="C:\Java\jdk1.8.0_211\jre\bin"/>
    <property name="sun.java.command" value="C:\Users\华为\AppData\Local\Temp\surefire3317687812745721600\surefirebooter22220608395987102.jar C:\Users\华为\AppData\Local\Temp\surefire3317687812745721600 2020-03-28T11-22-15_752-jvmRun1 surefire7297339136813128549tmp surefire_01745704202118047190tmp"/>
    <property name="surefire.test.class.path" value="D:\eclipse\eclipse-workspace\AppOrder\target\test-classes;D:\eclipse\eclipse-workspace\AppOrder\target\classes;D:\Maven\repository\org\springframework\boot\spring-boot-starter-web\2.0.1.RELEASE\spring-boot-starter-web-2.0.1.RELEASE.jar;D:\Maven\repository\org\springframework\boot\spring-boot-starter\2.0.1.RELEASE\spring-boot-starter-2.0.1.RELEASE.jar;D:\Maven\repository\org\springframework\boot\spring-boot\2.0.1.RELEASE\spring-boot-2.0.1.RELEASE.jar;D:\Maven\repository\org\springframework\boot\spring-boot-autoconfigure\2.0.1.RELEASE\spring-boot-autoconfigure-2.0.1.RELEASE.jar;D:\Maven\repository\org\springframework\boot\spring-boot-starter-logging\2.0.1.RELEASE\spring-boot-starter-logging-2.0.1.RELEASE.jar;D:\Maven\repository\ch\qos\logback\logback-classic\1.2.3\logback-classic-1.2.3.jar;D:\Maven\repository\ch\qos\logback\logback-core\1.2.3\logback-core-1.2.3.jar;D:\Maven\repository\org\apache\logging\log4j\log4j-to-slf4j\2.10.0\log4j-to-slf4j-2.10.0.jar;D:\Maven\repository\org\apache\logging\log4j\log4j-api\2.10.0\log4j-api-2.10.0.jar;D:\Maven\repository\org\slf4j\jul-to-slf4j\1.7.25\jul-to-slf4j-1.7.25.jar;D:\Maven\repository\javax\annotation\javax.annotation-api\1.3.2\javax.annotation-api-1.3.2.jar;D:\Maven\repository\org\springframework\spring-core\5.0.5.RELEASE\spring-core-5.0.5.RELEASE.jar;D:\Maven\repository\org\springframework\spring-jcl\5.0.5.RELEASE\spring-jcl-5.0.5.RELEASE.jar;D:\Maven\repository\org\yaml\snakeyaml\1.19\snakeyaml-1.19.jar;D:\Maven\repository\org\springframework\boot\spring-boot-starter-json\2.0.1.RELEASE\spring-boot-starter-json-2.0.1.RELEASE.jar;D:\Maven\repository\com\fasterxml\jackson\core\jackson-databind\2.9.3\jackson-databind-2.9.3.jar;D:\Maven\repository\com\fasterxml\jackson\datatype\jackson-datatype-jdk8\2.9.3\jackson-datatype-jdk8-2.9.3.jar;D:\Maven\repository\com\fasterxml\jackson\datatype\jackson-datatype-jsr310\2.9.3\jackson-datatype-jsr310-2.9.3.jar;D:\Maven\repository\com\fasterxml\jackson\module\jackson-module-parameter-names\2.9.3\jackson-module-parameter-names-2.9.3.jar;D:\Maven\repository\org\springframework\boot\spring-boot-starter-tomcat\2.0.1.RELEASE\spring-boot-starter-tomcat-2.0.1.RELEASE.jar;D:\Maven\repository\org\apache\tomcat\embed\tomcat-embed-core\8.5.29\tomcat-embed-core-8.5.29.jar;D:\Maven\repository\org\apache\tomcat\embed\tomcat-embed-el\8.5.29\tomcat-embed-el-8.5.29.jar;D:\Maven\repository\org\apache\tomcat\embed\tomcat-embed-websocket\8.5.29\tomcat-embed-websocket-8.5.29.jar;D:\Maven\repository\org\hibernate\validator\hibernate-validator\6.0.9.Final\hibernate-validator-6.0.9.Final.jar;D:\Maven\repository\javax\validation\validation-api\2.0.1.Final\validation-api-2.0.1.Final.jar;D:\Maven\repository\org\jboss\logging\jboss-logging\3.3.2.Final\jboss-logging-3.3.2.Final.jar;D:\Maven\repository\com\fasterxml\classmate\1.3.4\classmate-1.3.4.jar;D:\Maven\repository\org\springframework\spring-web\5.0.5.RELEASE\spring-web-5.0.5.RELEASE.jar;D:\Maven\repository\org\springframework\spring-beans\5.0.5.RELEASE\spring-beans-5.0.5.RELEASE.jar;D:\Maven\repository\org\springframework\spring-webmvc\5.0.5.RELEASE\spring-webmvc-5.0.5.RELEASE.jar;D:\Maven\repository\org\springframework\spring-aop\5.0.5.RELEASE\spring-aop-5.0.5.RELEASE.jar;D:\Maven\repository\org\springframework\spring-context\5.0.5.RELEASE\spring-context-5.0.5.RELEASE.jar;D:\Maven\repository\org\springframework\spring-expression\5.0.5.RELEASE\spring-expression-5.0.5.RELEASE.jar;D:\Maven\repository\org\springframework\cloud\spring-cloud-starter-netflix-eureka-client\2.0.0.M7\spring-cloud-starter-netflix-eureka-client-2.0.0.M7.jar;D:\Maven\repository\org\springframework\cloud\spring-cloud-starter\2.0.0.M7\spring-cloud-starter-2.0.0.M7.jar;D:\Maven\repository\org\springframework\cloud\spring-cloud-context\2.0.0.M7\spring-cloud-context-2.0.0.M7.jar;D:\Maven\repository\org\springframework\security\spring-security-crypto\5.0.4.RELEASE\spring-security-crypto-5.0.4.RELEASE.jar;D:\Maven\repository\org\springframework\cloud\spring-cloud-commons\2.0.0.M7\spring-cloud-commons-2.0.0.M7.jar;D:\Maven\repository\org\springframework\security\spring-security-rsa\1.0.5.RELEASE\spring-security-rsa-1.0.5.RELEASE.jar;D:\Maven\repository\org\bouncycastle\bcpkix-jdk15on\1.56\bcpkix-jdk15on-1.56.jar;D:\Maven\repository\org\bouncycastle\bcprov-jdk15on\1.56\bcprov-jdk15on-1.56.jar;D:\Maven\repository\org\springframework\cloud\spring-cloud-netflix-core\2.0.0.M7\spring-cloud-netflix-core-2.0.0.M7.jar;D:\Maven\repository\org\springframework\cloud\spring-cloud-netflix-ribbon\2.0.0.M7\spring-cloud-netflix-ribbon-2.0.0.M7.jar;D:\Maven\repository\org\springframework\boot\spring-boot-starter-aop\2.0.1.RELEASE\spring-boot-starter-aop-2.0.1.RELEASE.jar;D:\Maven\repository\org\aspectj\aspectjweaver\1.8.13\aspectjweaver-1.8.13.jar;D:\Maven\repository\org\springframework\cloud\spring-cloud-netflix-eureka-client\2.0.0.M7\spring-cloud-netflix-eureka-client-2.0.0.M7.jar;D:\Maven\repository\com\netflix\eureka\eureka-client\1.8.6\eureka-client-1.8.6.jar;D:\Maven\repository\org\codehaus\jettison\jettison\1.3.7\jettison-1.3.7.jar;D:\Maven\repository\stax\stax-api\1.0.1\stax-api-1.0.1.jar;D:\Maven\repository\com\netflix\netflix-commons\netflix-eventbus\0.3.0\netflix-eventbus-0.3.0.jar;D:\Maven\repository\com\netflix\netflix-commons\netflix-infix\0.3.0\netflix-infix-0.3.0.jar;D:\Maven\repository\commons-jxpath\commons-jxpath\1.3\commons-jxpath-1.3.jar;D:\Maven\repository\joda-time\joda-time\2.9.9\joda-time-2.9.9.jar;D:\Maven\repository\org\antlr\antlr-runtime\3.4\antlr-runtime-3.4.jar;D:\Maven\repository\org\antlr\stringtemplate\3.2.1\stringtemplate-3.2.1.jar;D:\Maven\repository\antlr\antlr\2.7.7\antlr-2.7.7.jar;D:\Maven\repository\com\google\code\gson\gson\2.8.2\gson-2.8.2.jar;D:\Maven\repository\org\apache\commons\commons-math\2.2\commons-math-2.2.jar;D:\Maven\repository\com\netflix\archaius\archaius-core\0.7.5\archaius-core-0.7.5.jar;D:\Maven\repository\javax\ws\rs\jsr311-api\1.1.1\jsr311-api-1.1.1.jar;D:\Maven\repository\com\netflix\servo\servo-core\0.10.1\servo-core-0.10.1.jar;D:\Maven\repository\com\netflix\servo\servo-internal\0.10.1\servo-internal-0.10.1.jar;D:\Maven\repository\com\sun\jersey\jersey-core\1.19.1\jersey-core-1.19.1.jar;D:\Maven\repository\com\sun\jersey\jersey-client\1.19.1\jersey-client-1.19.1.jar;D:\Maven\repository\com\sun\jersey\contribs\jersey-apache-client4\1.19.1\jersey-apache-client4-1.19.1.jar;D:\Maven\repository\org\apache\httpcomponents\httpclient\4.5.5\httpclient-4.5.5.jar;D:\Maven\repository\org\apache\httpcomponents\httpcore\4.4.9\httpcore-4.4.9.jar;D:\Maven\repository\commons-codec\commons-codec\1.11\commons-codec-1.11.jar;D:\Maven\repository\com\google\inject\guice\4.1.0\guice-4.1.0.jar;D:\Maven\repository\javax\inject\javax.inject\1\javax.inject-1.jar;D:\Maven\repository\aopalliance\aopalliance\1.0\aopalliance-1.0.jar;D:\Maven\repository\com\github\vlsi\compactmap\compactmap\1.2.1\compactmap-1.2.1.jar;D:\Maven\repository\com\github\andrewoma\dexx\dexx-collections\0.2\dexx-collections-0.2.jar;D:\Maven\repository\com\fasterxml\jackson\core\jackson-annotations\2.9.0\jackson-annotations-2.9.0.jar;D:\Maven\repository\com\fasterxml\jackson\core\jackson-core\2.9.3\jackson-core-2.9.3.jar;D:\Maven\repository\com\netflix\eureka\eureka-core\1.8.6\eureka-core-1.8.6.jar;D:\Maven\repository\org\codehaus\woodstox\woodstox-core-asl\4.4.1\woodstox-core-asl-4.4.1.jar;D:\Maven\repository\javax\xml\stream\stax-api\1.0-2\stax-api-1.0-2.jar;D:\Maven\repository\org\codehaus\woodstox\stax2-api\3.1.4\stax2-api-3.1.4.jar;D:\Maven\repository\org\springframework\cloud\spring-cloud-starter-netflix-archaius\2.0.0.M7\spring-cloud-starter-netflix-archaius-2.0.0.M7.jar;D:\Maven\repository\org\springframework\cloud\spring-cloud-netflix-archaius\2.0.0.M7\spring-cloud-netflix-archaius-2.0.0.M7.jar;D:\Maven\repository\commons-configuration\commons-configuration\1.8\commons-configuration-1.8.jar;D:\Maven\repository\commons-lang\commons-lang\2.6\commons-lang-2.6.jar;D:\Maven\repository\com\google\guava\guava\18.0\guava-18.0.jar;D:\Maven\repository\org\springframework\cloud\spring-cloud-starter-netflix-ribbon\2.0.0.M7\spring-cloud-starter-netflix-ribbon-2.0.0.M7.jar;D:\Maven\repository\com\netflix\ribbon\ribbon\2.2.4\ribbon-2.2.4.jar;D:\Maven\repository\com\netflix\ribbon\ribbon-transport\2.2.4\ribbon-transport-2.2.4.jar;D:\Maven\repository\io\reactivex\rxnetty-contexts\0.4.9\rxnetty-contexts-0.4.9.jar;D:\Maven\repository\io\reactivex\rxnetty-servo\0.4.9\rxnetty-servo-0.4.9.jar;D:\Maven\repository\com\netflix\hystrix\hystrix-core\1.5.12\hystrix-core-1.5.12.jar;D:\Maven\repository\org\hdrhistogram\HdrHistogram\2.1.9\HdrHistogram-2.1.9.jar;D:\Maven\repository\io\reactivex\rxnetty\0.4.9\rxnetty-0.4.9.jar;D:\Maven\repository\io\netty\netty-codec-http\4.1.23.Final\netty-codec-http-4.1.23.Final.jar;D:\Maven\repository\io\netty\netty-codec\4.1.23.Final\netty-codec-4.1.23.Final.jar;D:\Maven\repository\io\netty\netty-transport-native-epoll\4.1.23.Final\netty-transport-native-epoll-4.1.23.Final.jar;D:\Maven\repository\io\netty\netty-common\4.1.23.Final\netty-common-4.1.23.Final.jar;D:\Maven\repository\io\netty\netty-buffer\4.1.23.Final\netty-buffer-4.1.23.Final.jar;D:\Maven\repository\io\netty\netty-transport-native-unix-common\4.1.23.Final\netty-transport-native-unix-common-4.1.23.Final.jar;D:\Maven\repository\io\netty\netty-transport\4.1.23.Final\netty-transport-4.1.23.Final.jar;D:\Maven\repository\io\netty\netty-resolver\4.1.23.Final\netty-resolver-4.1.23.Final.jar;D:\Maven\repository\com\netflix\ribbon\ribbon-core\2.2.4\ribbon-core-2.2.4.jar;D:\Maven\repository\com\netflix\ribbon\ribbon-httpclient\2.2.4\ribbon-httpclient-2.2.4.jar;D:\Maven\repository\commons-collections\commons-collections\3.2.2\commons-collections-3.2.2.jar;D:\Maven\repository\com\netflix\netflix-commons\netflix-commons-util\0.1.1\netflix-commons-util-0.1.1.jar;D:\Maven\repository\com\netflix\ribbon\ribbon-loadbalancer\2.2.4\ribbon-loadbalancer-2.2.4.jar;D:\Maven\repository\com\netflix\netflix-commons\netflix-statistics\0.1.1\netflix-statistics-0.1.1.jar;D:\Maven\repository\io\reactivex\rxjava\1.3.8\rxjava-1.3.8.jar;D:\Maven\repository\com\netflix\ribbon\ribbon-eureka\2.2.4\ribbon-eureka-2.2.4.jar;D:\Maven\repository\org\slf4j\slf4j-api\1.7.25\slf4j-api-1.7.25.jar;D:\Maven\repository\com\thoughtworks\xstream\xstream\1.4.9\xstream-1.4.9.jar;D:\Maven\repository\xmlpull\xmlpull\1.1.3.1\xmlpull-1.1.3.1.jar;D:\Maven\repository\xpp3\xpp3_min\1.1.4c\xpp3_min-1.1.4c.jar;D:\Maven\repository\junit\junit\3.8.1\junit-3.8.1.jar;D:\Maven\repository\org\projectlombok\lombok\1.18.8\lombok-1.18.8.jar;"/>
    <property name="sun.cpu.endian" value="little"/>
    <property name="user.home" value="C:\Users\华为"/>
    <property name="user.language" value="zh"/>
    <property name="java.specification.vendor" value="Oracle Corporation"/>
    <property name="java.home" value="C:\Java\jdk1.8.0_211\jre"/>
    <property name="basedir" value="D:\eclipse\eclipse-workspace\AppOrder"/>
    <property name="file.separator" value="\"/>
    <property name="line.separator" value="&#10;"/>
    <property name="java.vm.specification.vendor" value="Oracle Corporation"/>
    <property name="java.specification.name" value="Java Platform API Specification"/>
    <property name="java.awt.graphicsenv" value="sun.awt.Win32GraphicsEnvironment"/>
    <property name="surefire.real.class.path" value="C:\Users\华为\AppData\Local\Temp\surefire3317687812745721600\surefirebooter22220608395987102.jar"/>
    <property name="sun.boot.class.path" value="C:\Java\jdk1.8.0_211\jre\lib\resources.jar;C:\Java\jdk1.8.0_211\jre\lib\rt.jar;C:\Java\jdk1.8.0_211\jre\lib\sunrsasign.jar;C:\Java\jdk1.8.0_211\jre\lib\jsse.jar;C:\Java\jdk1.8.0_211\jre\lib\jce.jar;C:\Java\jdk1.8.0_211\jre\lib\charsets.jar;C:\Java\jdk1.8.0_211\jre\lib\jfr.jar;C:\Java\jdk1.8.0_211\jre\classes"/>
    <property name="user.script" value=""/>
    <property name="sun.management.compiler" value="HotSpot 64-Bit Tiered Compilers"/>
    <property name="java.runtime.version" value="1.8.0_211-b12"/>
    <property name="user.name" value="华为"/>
    <property name="path.separator" value=";"/>
    <property name="os.version" value="10.0"/>
    <property name="java.endorsed.dirs" value="C:\Java\jdk1.8.0_211\jre\lib\endorsed"/>
    <property name="java.runtime.name" value="Java(TM) SE Runtime Environment"/>
    <property name="file.encoding" value="GBK"/>
    <property name="java.vm.name" value="Java HotSpot(TM) 64-Bit Server VM"/>
    <property name="localRepository" value="D:\Maven\repository"/>
    <property name="java.vendor.url.bug" value="http://bugreport.sun.com/bugreport/"/>
    <property name="java.io.tmpdir" value="C:\Users\华为\AppData\Local\Temp\"/>
    <property name="idea.version" value="2018.2.8"/>
    <property name="java.version" value="1.8.0_211"/>
    <property name="user.dir" value="D:\eclipse\eclipse-workspace\AppOrder"/>
    <property name="os.arch" value="amd64"/>
    <property name="java.vm.specification.name" value="Java Virtual Machine Specification"/>
    <property name="java.awt.printerjob" value="sun.awt.windows.WPrinterJob"/>
    <property name="sun.os.patch.level" value=""/>
    <property name="java.library.path" value="C:\Java\jdk1.8.0_211\jre\bin;C:\Windows\Sun\Java\bin;C:\Windows\system32;C:\Windows;C:\Program Files (x86)\Common Files\Oracle\Java\javapath;D:\app\shujuku\product\11.2.0\dbhome_1\bin;D:\app\orcale\product\12.2.0\dbhome_1\bin;D:\app\user\product\12.2.0\dbhome_1\bin;C:\Windows\system32;C:\Windows;C:\Windows\System32\Wbem;C:\Windows\System32\WindowsPowerShell\v1.0\;C:\Windows\System32\OpenSSH\;C:\Program Files\Intel\WiFi\bin\;C:\Program Files\Common Files\Intel\WirelessCommon\;D:\ChromeCoreDownloads\apache-tomcat-8.5.41\bin;C:\Program Files\Java\jdk1.8.0_211\jre\bin;C:\Java\jdk1.8.0_211\bin;C:\Java\jdk1.8.0_211\jre\bin;D:\Program Files\Git\cmd;D:\Program Files\TortoiseSVN\bin;D:\Program Files\nodejs\;C:\Users\华为\AppData\Local\Microsoft\WindowsApps;;D:\Programs\Microsoft VS Code\bin;C:\Users\华为\AppData\Roaming\npm;."/>
    <property name="java.vm.info" value="mixed mode"/>
    <property name="java.vendor" value="Oracle Corporation"/>
    <property name="java.vm.version" value="25.211-b12"/>
    <property name="java.ext.dirs" value="C:\Java\jdk1.8.0_211\jre\lib\ext;C:\Windows\Sun\Java\lib\ext"/>
    <property name="sun.io.unicode.encoding" value="UnicodeLittle"/>
    <property name="java.class.version" value="52.0"/>
  </properties>
  <testcase name="testApp" classname="com.niit.AppOrder.AppTest" time="0"/>
</testsuite>